app/build/intermediates/manifest_merge_blame_file/debug/manifest-merger-blame-debug-report.txt
1<?xml version="1.0" encoding="utf-8"?>
2<manifest xmlns:android="http://schemas.android.com/apk/res/android"
3    package="com.example.bureaucratme"
4    android:versionCode="1"
5    android:versionName="1.0" >
6
7    <uses-sdk
8        android:minSdkVersion="19"
8-->src\main\AndroidManifest.xml
9        android:targetSdkVersion="28" />
9-->src\main\AndroidManifest.xml
10
11    <uses-permission android:name="android.permission.READ_EXTERNAL_STORAGE" />
11-->src\main\AndroidManifest.xml:5:5-80
11-->src\main\AndroidManifest.xml:5:22-77
12    <uses-permission android:name="android.permission.WRITE_EXTERNAL_STORAGE" />
12-->src\main\AndroidManifest.xml:6:5-81
12-->src\main\AndroidManifest.xml:6:22-78
13    <uses-permission android:name="android.permission.INTERNET" />
13-->src\main\AndroidManifest.xml:7:5-67
13-->src\main\AndroidManifest.xml:7:22-64
14
15    <!-- Although the *SdkVersion is captured in gradle build files, this is required for non gradle builds -->
16    <!-- <uses-sdk android:minSdkVersion="14"/> -->
17    <uses-permission android:name="android.permission.ACCESS_NETWORK_STATE" />
17-->[com.google.firebase:firebase-database:19.2.0] AndroidManifest.xml:25:5-79
17-->[com.google.firebase:firebase-database:19.2.0] AndroidManifest.xml:25:22-76
18    <uses-permission android:name="android.permission.WAKE_LOCK" /> <!-- Required by older versions of Google Play services to create IID tokens -->
18-->[com.google.android.gms:play-services-measurement-api:17.2.0] AndroidManifest.xml:24:5-68
18-->[com.google.android.gms:play-services-measurement-api:17.2.0] AndroidManifest.xml:24:22-65
19    <uses-permission android:name="com.google.android.c2dm.permission.RECEIVE" />
19-->[com.google.firebase:firebase-iid:19.0.0] AndroidManifest.xml:26:5-82
19-->[com.google.firebase:firebase-iid:19.0.0] AndroidManifest.xml:26:22-79
20    <uses-permission android:name="com.google.android.finsky.permission.BIND_GET_INSTALL_REFERRER_SERVICE" />
20-->[com.google.android.gms:play-services-measurement:17.2.0] AndroidManifest.xml:26:5-110
20-->[com.google.android.gms:play-services-measurement:17.2.0] AndroidManifest.xml:26:22-107
21
22    <application
22-->src\main\AndroidManifest.xml:9:5-30:19
23        android:allowBackup="true"
23-->src\main\AndroidManifest.xml:10:9-35
24        android:appComponentFactory="androidx.core.app.CoreComponentFactory"
24-->[androidx.core:core:1.1.0] AndroidManifest.xml:24:18-86
25        android:debuggable="true"
26        android:icon="@mipmap/ic_launcher"
26-->src\main\AndroidManifest.xml:11:9-43
27        android:label="@string/app_name"
27-->src\main\AndroidManifest.xml:12:9-41
28        android:roundIcon="@mipmap/ic_launcher_round"
28-->src\main\AndroidManifest.xml:13:9-54
29        android:supportsRtl="true"
29-->src\main\AndroidManifest.xml:14:9-35
30        android:testOnly="true"
31        android:theme="@style/AppTheme" >
31-->src\main\AndroidManifest.xml:15:9-40
32        <activity android:name="com.example.bureaucratme.AdminLoginActivity" />
32-->src\main\AndroidManifest.xml:16:9-65
32-->src\main\AndroidManifest.xml:16:19-53
33        <activity android:name="com.example.bureaucratme.AdminActivity" />
33-->src\main\AndroidManifest.xml:17:9-51
33-->src\main\AndroidManifest.xml:17:19-48
34        <activity android:name="com.example.bureaucratme.DocumentActivity" />
34-->src\main\AndroidManifest.xml:18:9-54
34-->src\main\AndroidManifest.xml:18:19-51
35        <activity android:name="com.example.bureaucratme.PersonalDetailsActivity" />
35-->src\main\AndroidManifest.xml:19:9-61
35-->src\main\AndroidManifest.xml:19:19-58
36        <activity android:name="com.example.bureaucratme.RegisterActivity" />
36-->src\main\AndroidManifest.xml:20:9-54
36-->src\main\AndroidManifest.xml:20:19-51
37        <activity android:name="com.example.bureaucratme.LoginActivity" />
37-->src\main\AndroidManifest.xml:21:9-51
37-->src\main\AndroidManifest.xml:21:19-48
38        <activity android:name="com.example.bureaucratme.HomeActivity" />
38-->src\main\AndroidManifest.xml:22:9-50
38-->src\main\AndroidManifest.xml:22:19-47
39        <activity android:name="com.example.bureaucratme.MainActivity" >
39-->src\main\AndroidManifest.xml:23:9-29:20
39-->src\main\AndroidManifest.xml:23:19-47
40            <intent-filter>
40-->src\main\AndroidManifest.xml:24:13-28:29
41                <action android:name="android.intent.action.MAIN" />
41-->src\main\AndroidManifest.xml:25:17-69
41-->src\main\AndroidManifest.xml:25:25-66
42
43                <category android:name="android.intent.category.LAUNCHER" />
43-->src\main\AndroidManifest.xml:27:17-77
43-->src\main\AndroidManifest.xml:27:27-74
44            </intent-filter>
45        </activity>
46
47        <service
47-->[com.google.firebase:firebase-database:19.2.0] AndroidManifest.xml:29:9-35:19
48            android:name="com.google.firebase.components.ComponentDiscoveryService"
48-->[com.google.firebase:firebase-database:19.2.0] AndroidManifest.xml:30:13-84
49            android:directBootAware="true"
49-->[com.google.firebase:firebase-common:19.3.0] AndroidManifest.xml:34:13-43
50            android:exported="false" >
50-->[com.google.firebase:firebase-database:19.2.0] AndroidManifest.xml:31:13-37
51            <meta-data
51-->[com.google.firebase:firebase-database:19.2.0] AndroidManifest.xml:32:13-34:85
52                android:name="com.google.firebase.components:com.google.firebase.database.DatabaseRegistrar"
52-->[com.google.firebase:firebase-database:19.2.0] AndroidManifest.xml:33:17-109
53                android:value="com.google.firebase.components.ComponentRegistrar" />
53-->[com.google.firebase:firebase-database:19.2.0] AndroidManifest.xml:34:17-82
54            <meta-data
54-->[com.google.firebase:firebase-auth:19.2.0] AndroidManifest.xml:36:13-38:85
55                android:name="com.google.firebase.components:com.google.firebase.auth.FirebaseAuthRegistrar"
55-->[com.google.firebase:firebase-auth:19.2.0] AndroidManifest.xml:37:17-109
56                android:value="com.google.firebase.components.ComponentRegistrar" />
56-->[com.google.firebase:firebase-auth:19.2.0] AndroidManifest.xml:38:17-82
57            <meta-data
57-->[com.google.android.gms:play-services-measurement-api:17.2.0] AndroidManifest.xml:30:13-32:85
58                android:name="com.google.firebase.components:com.google.firebase.analytics.connector.internal.AnalyticsConnectorRegistrar"
58-->[com.google.android.gms:play-services-measurement-api:17.2.0] AndroidManifest.xml:31:17-139
59                android:value="com.google.firebase.components.ComponentRegistrar" />
59-->[com.google.android.gms:play-services-measurement-api:17.2.0] AndroidManifest.xml:32:17-82
60            <meta-data
60-->[com.google.firebase:firebase-iid:19.0.0] AndroidManifest.xml:32:13-34:85
61                android:name="com.google.firebase.components:com.google.firebase.iid.Registrar"
61-->[com.google.firebase:firebase-iid:19.0.0] AndroidManifest.xml:33:17-96
62                android:value="com.google.firebase.components.ComponentRegistrar" />
62-->[com.google.firebase:firebase-iid:19.0.0] AndroidManifest.xml:34:17-82
63        </service>
64
65        <activity
65-->[com.google.firebase:firebase-auth:19.2.0] AndroidManifest.xml:24:9-31:50
66            android:name="com.google.firebase.auth.internal.FederatedSignInActivity"
66-->[com.google.firebase:firebase-auth:19.2.0] AndroidManifest.xml:25:13-85
67            android:excludeFromRecents="true"
67-->[com.google.firebase:firebase-auth:19.2.0] AndroidManifest.xml:26:13-46
68            android:exported="true"
68-->[com.google.firebase:firebase-auth:19.2.0] AndroidManifest.xml:27:13-36
69            android:launchMode="singleTask"
69-->[com.google.firebase:firebase-auth:19.2.0] AndroidManifest.xml:28:13-44
70            android:permission="com.google.firebase.auth.api.gms.permission.LAUNCH_FEDERATED_SIGN_IN"
70-->[com.google.firebase:firebase-auth:19.2.0] AndroidManifest.xml:29:13-102
71            android:theme="@android:style/Theme.Translucent.NoTitleBar" />
71-->[com.google.firebase:firebase-auth:19.2.0] AndroidManifest.xml:30:13-72
72        <activity
72-->[com.google.android.gms:play-services-auth:17.0.0] AndroidManifest.xml:23:9-27:75
73            android:name="com.google.android.gms.auth.api.signin.internal.SignInHubActivity"
73-->[com.google.android.gms:play-services-auth:17.0.0] AndroidManifest.xml:24:13-93
74            android:excludeFromRecents="true"
74-->[com.google.android.gms:play-services-auth:17.0.0] AndroidManifest.xml:25:13-46
75            android:exported="false"
75-->[com.google.android.gms:play-services-auth:17.0.0] AndroidManifest.xml:26:13-37
76            android:theme="@android:style/Theme.Translucent.NoTitleBar" />
76-->[com.google.android.gms:play-services-auth:17.0.0] AndroidManifest.xml:27:13-72
77        <!--
78            Service handling Google Sign-In user revocation. For apps that do not integrate with
79            Google Sign-In, this service will never be started.
80        -->
81        <service
81-->[com.google.android.gms:play-services-auth:17.0.0] AndroidManifest.xml:33:9-36:110
82            android:name="com.google.android.gms.auth.api.signin.RevocationBoundService"
82-->[com.google.android.gms:play-services-auth:17.0.0] AndroidManifest.xml:34:13-89
83            android:exported="true"
83-->[com.google.android.gms:play-services-auth:17.0.0] AndroidManifest.xml:35:13-36
84            android:permission="com.google.android.gms.auth.api.signin.permission.REVOCATION_NOTIFICATION" />
84-->[com.google.android.gms:play-services-auth:17.0.0] AndroidManifest.xml:36:13-107
85
86        <receiver
86-->[com.google.firebase:firebase-iid:19.0.0] AndroidManifest.xml:37:9-44:20
87            android:name="com.google.firebase.iid.FirebaseInstanceIdReceiver"
87-->[com.google.firebase:firebase-iid:19.0.0] AndroidManifest.xml:38:13-78
88            android:exported="true"
88-->[com.google.firebase:firebase-iid:19.0.0] AndroidManifest.xml:39:13-36
89            android:permission="com.google.android.c2dm.permission.SEND" >
89-->[com.google.firebase:firebase-iid:19.0.0] AndroidManifest.xml:40:13-73
90            <intent-filter>
90-->[com.google.firebase:firebase-iid:19.0.0] AndroidManifest.xml:41:13-43:29
91                <action android:name="com.google.android.c2dm.intent.RECEIVE" />
91-->[com.google.firebase:firebase-iid:19.0.0] AndroidManifest.xml:42:17-81
91-->[com.google.firebase:firebase-iid:19.0.0] AndroidManifest.xml:42:25-78
92            </intent-filter>
93        </receiver>
94
95        <activity
95-->[com.google.android.gms:play-services-base:17.1.0] AndroidManifest.xml:23:9-26:75
96            android:name="com.google.android.gms.common.api.GoogleApiActivity"
96-->[com.google.android.gms:play-services-base:17.1.0] AndroidManifest.xml:24:13-79
97            android:exported="false"
97-->[com.google.android.gms:play-services-base:17.1.0] AndroidManifest.xml:25:13-37
98            android:theme="@android:style/Theme.Translucent.NoTitleBar" />
98-->[com.google.android.gms:play-services-base:17.1.0] AndroidManifest.xml:26:13-72
99
100        <provider
100-->[com.google.firebase:firebase-common:19.3.0] AndroidManifest.xml:26:9-30:39
101            android:name="com.google.firebase.provider.FirebaseInitProvider"
101-->[com.google.firebase:firebase-common:19.3.0] AndroidManifest.xml:27:13-77
102            android:authorities="com.example.bureaucratme.firebaseinitprovider"
102-->[com.google.firebase:firebase-common:19.3.0] AndroidManifest.xml:28:13-72
103            android:exported="false"
103-->[com.google.firebase:firebase-common:19.3.0] AndroidManifest.xml:29:13-37
104            android:initOrder="100" />
104-->[com.google.firebase:firebase-common:19.3.0] AndroidManifest.xml:30:13-36
105
106        <receiver
106-->[com.google.android.gms:play-services-measurement:17.2.0] AndroidManifest.xml:29:9-33:20
107            android:name="com.google.android.gms.measurement.AppMeasurementReceiver"
107-->[com.google.android.gms:play-services-measurement:17.2.0] AndroidManifest.xml:30:13-85
108            android:enabled="true"
108-->[com.google.android.gms:play-services-measurement:17.2.0] AndroidManifest.xml:31:13-35
109            android:exported="false" >
109-->[com.google.android.gms:play-services-measurement:17.2.0] AndroidManifest.xml:32:13-37
110        </receiver>
111        <receiver
111-->[com.google.android.gms:play-services-measurement:17.2.0] AndroidManifest.xml:34:9-42:20
112            android:name="com.google.android.gms.measurement.AppMeasurementInstallReferrerReceiver"
112-->[com.google.android.gms:play-services-measurement:17.2.0] AndroidManifest.xml:35:13-100
113            android:enabled="true"
113-->[com.google.android.gms:play-services-measurement:17.2.0] AndroidManifest.xml:36:13-35
114            android:exported="true"
114-->[com.google.android.gms:play-services-measurement:17.2.0] AndroidManifest.xml:37:13-36
115            android:permission="android.permission.INSTALL_PACKAGES" >
115-->[com.google.android.gms:play-services-measurement:17.2.0] AndroidManifest.xml:38:13-69
116            <intent-filter>
116-->[com.google.android.gms:play-services-measurement:17.2.0] AndroidManifest.xml:39:13-41:29
117                <action android:name="com.android.vending.INSTALL_REFERRER" />
117-->[com.google.android.gms:play-services-measurement:17.2.0] AndroidManifest.xml:40:17-79
117-->[com.google.android.gms:play-services-measurement:17.2.0] AndroidManifest.xml:40:25-76
118            </intent-filter>
119        </receiver>
120
121        <service
121-->[com.google.android.gms:play-services-measurement:17.2.0] AndroidManifest.xml:44:9-47:40
122            android:name="com.google.android.gms.measurement.AppMeasurementService"
122-->[com.google.android.gms:play-services-measurement:17.2.0] AndroidManifest.xml:45:13-84
123            android:enabled="true"
123-->[com.google.android.gms:play-services-measurement:17.2.0] AndroidManifest.xml:46:13-35
124            android:exported="false" />
124-->[com.google.android.gms:play-services-measurement:17.2.0] AndroidManifest.xml:47:13-37
125        <service
125-->[com.google.android.gms:play-services-measurement:17.2.0] AndroidManifest.xml:48:9-52:72
126            android:name="com.google.android.gms.measurement.AppMeasurementJobService"
126-->[com.google.android.gms:play-services-measurement:17.2.0] AndroidManifest.xml:49:13-87
127            android:enabled="true"
127-->[com.google.android.gms:play-services-measurement:17.2.0] AndroidManifest.xml:50:13-35
128            android:exported="false"
128-->[com.google.android.gms:play-services-measurement:17.2.0] AndroidManifest.xml:51:13-37
129            android:permission="android.permission.BIND_JOB_SERVICE" />
129-->[com.google.android.gms:play-services-measurement:17.2.0] AndroidManifest.xml:52:13-69
130
131        <meta-data
131-->[com.google.android.gms:play-services-basement:17.0.0] AndroidManifest.xml:23:9-25:69
132            android:name="com.google.android.gms.version"
132-->[com.google.android.gms:play-services-basement:17.0.0] AndroidManifest.xml:24:13-58
133            android:value="@integer/google_play_services_version" />
133-->[com.google.android.gms:play-services-basement:17.0.0] AndroidManifest.xml:25:13-66
134    </application>
135
136</manifest>